<?xml version="1.0" encoding="UTF-8"?>
<!-- Generated by org.testng.reporters.JUnitReportReporter -->
<testsuite hostname="Teja" failures="0" tests="2" name="Academy.E2Eproject.HomePage" time="15.584" errors="0" timestamp="23 Jul 2020 17:46:22 GMT">
  <testcase classname="Academy.E2Eproject.HomePage" name="basePageNavigation" time="5.951"/>
  <testcase classname="Academy.E2Eproject.HomePage" name="basePageNavigation" time="9.633"/>
</testsuite> <!-- Academy.E2Eproject.HomePage -->
